<?xml version="1.0" encoding="UTF-8"?>
<robot generator="Robot 6.1.1 (Python 3.8.18 on linux)" generated="20231116 00:08:05.888" rpa="false" schemaversion="4">
<suite id="s1" name="Tests" source="/home/runner/work/robot-appium-tests/robot-appium-tests/tests">
<suite id="s1-s1" name="Android" source="/home/runner/work/robot-appium-tests/robot-appium-tests/tests/android">
<suite id="s1-s1-s1" name="Catalog" source="/home/runner/work/robot-appium-tests/robot-appium-tests/tests/android/catalog.robot">
<test id="s1-s1-s1-t1" name="Scenario: Open product from the catalog" line="11">
<kw name="Before Tests" library="base_keywords" type="SETUP">
<kw name="Open App" library="base_keywords">
<kw name="Open Application" library="AppiumLibrary">
<arg>${REMOTE_URL}</arg>
<arg>platformName=${PLATFORM_NAME}</arg>
<arg>platformVersion=${PLATFORM_VERSION}</arg>
<arg>deviceName=${DEVICE_NAME}</arg>
<arg>app=${APP}</arg>
<arg>automationName=${AUTOMATION_NAME}</arg>
<arg>name=${JOB_NAME}</arg>
<doc>Opens a new application to given Appium server.
Capabilities of appium server, Android and iOS,
Please check https://github.com/appium/appium/blob/master/docs/en/writing-running-appium/server-args.md
| *Option*            | *Man.* | *Description*     |
| remote_url          | Yes    | Appium server url |
| alias               | no     | alias             |
| strict_ssl          | No     | allows you to send commands to an invalid certificate host like a self-signed one. |</doc>
<kw name="Capture Page Screenshot" library="AppiumLibrary">
<doc>Takes a screenshot of the current page and embeds it into the log.</doc>
<msg timestamp="20231116 00:08:06.371" level="FAIL">No application is open</msg>
<status status="FAIL" starttime="20231116 00:08:06.371" endtime="20231116 00:08:06.372"/>
</kw>
<msg timestamp="20231116 00:08:06.374" level="WARN">Keyword 'Capture Page Screenshot' could not be run on failure: No application is open</msg>
<msg timestamp="20231116 00:08:06.374" level="FAIL">WebDriverException: Message: Verification failed for: storage:filename=demo-saucelabs.apk - File is not available. Make sure the file is in App Storage and you have access permissions to it before retrying. If you have confirmed you have access to the file in App Storage and you continue to get this error, contact help@saucelabs.com for support.[Trace: XXXXXXXX-XXXX-XXXX-XXXX-XXXX7f642545]
</msg>
<status status="FAIL" starttime="20231116 00:08:06.020" endtime="20231116 00:08:06.374"/>
</kw>
<status status="FAIL" starttime="20231116 00:08:06.020" endtime="20231116 00:08:06.374"/>
</kw>
<kw name="Perform Login" library="login_keywords">
<arg>bob@example.com</arg>
<arg>10203040</arg>
<status status="NOT RUN" starttime="20231116 00:08:06.374" endtime="20231116 00:08:06.374"/>
</kw>
<status status="FAIL" starttime="20231116 00:08:06.019" endtime="20231116 00:08:06.374"/>
</kw>
<kw name="After Tests" library="base_keywords" type="TEARDOWN">
<kw name="Close Application" library="AppiumLibrary">
<doc>Closes the current application and also close webdriver session.</doc>
<kw name="Capture Page Screenshot" library="AppiumLibrary">
<doc>Takes a screenshot of the current page and embeds it into the log.</doc>
<msg timestamp="20231116 00:08:06.376" level="FAIL">No application is open</msg>
<status status="FAIL" starttime="20231116 00:08:06.375" endtime="20231116 00:08:06.376"/>
</kw>
<msg timestamp="20231116 00:08:06.378" level="WARN">Keyword 'Capture Page Screenshot' could not be run on failure: No application is open</msg>
<msg timestamp="20231116 00:08:06.378" level="FAIL">No application is open</msg>
<status status="FAIL" starttime="20231116 00:08:06.375" endtime="20231116 00:08:06.378"/>
</kw>
<status status="FAIL" starttime="20231116 00:08:06.375" endtime="20231116 00:08:06.379">No application is open</status>
</kw>
<tag>open_product</tag>
<status status="FAIL" starttime="20231116 00:08:06.019" endtime="20231116 00:08:06.379">Setup failed:
WebDriverException: Message: Verification failed for: storage:filename=demo-saucelabs.apk - File is not available. Make sure the file is in App Storage and you have access permissions to it before retrying. If you have confirmed you have access to the file in App Storage and you continue to get this error, contact help@saucelabs.com for support.[Trace: XXXXXXXX-XXXX-XXXX-XXXX-XXXX7f642545]


Also teardown failed:
No application is open</status>
</test>
<test id="s1-s1-s1-t2" name="Scenario: Rate product from catalog" line="16">
<kw name="Before Tests" library="base_keywords" type="SETUP">
<kw name="Open App" library="base_keywords">
<kw name="Open Application" library="AppiumLibrary">
<arg>${REMOTE_URL}</arg>
<arg>platformName=${PLATFORM_NAME}</arg>
<arg>platformVersion=${PLATFORM_VERSION}</arg>
<arg>deviceName=${DEVICE_NAME}</arg>
<arg>app=${APP}</arg>
<arg>automationName=${AUTOMATION_NAME}</arg>
<arg>name=${JOB_NAME}</arg>
<doc>Opens a new application to given Appium server.
Capabilities of appium server, Android and iOS,
Please check https://github.com/appium/appium/blob/master/docs/en/writing-running-appium/server-args.md
| *Option*            | *Man.* | *Description*     |
| remote_url          | Yes    | Appium server url |
| alias               | no     | alias             |
| strict_ssl          | No     | allows you to send commands to an invalid certificate host like a self-signed one. |</doc>
<kw name="Capture Page Screenshot" library="AppiumLibrary">
<doc>Takes a screenshot of the current page and embeds it into the log.</doc>
<msg timestamp="20231116 00:08:07.529" level="FAIL">No application is open</msg>
<status status="FAIL" starttime="20231116 00:08:07.528" endtime="20231116 00:08:07.529"/>
</kw>
<msg timestamp="20231116 00:08:07.531" level="WARN">Keyword 'Capture Page Screenshot' could not be run on failure: No application is open</msg>
<msg timestamp="20231116 00:08:07.531" level="FAIL">WebDriverException: Message: Verification failed for: storage:filename=demo-saucelabs.apk - File is not available. Make sure the file is in App Storage and you have access permissions to it before retrying. If you have confirmed you have access to the file in App Storage and you continue to get this error, contact help@saucelabs.com for support.[Trace: XXXXXXXX-XXXX-XXXX-XXXX-XXXXfb64c702]
</msg>
<status status="FAIL" starttime="20231116 00:08:06.380" endtime="20231116 00:08:07.531"/>
</kw>
<status status="FAIL" starttime="20231116 00:08:06.380" endtime="20231116 00:08:07.531"/>
</kw>
<kw name="Perform Login" library="login_keywords">
<arg>bob@example.com</arg>
<arg>10203040</arg>
<status status="NOT RUN" starttime="20231116 00:08:07.531" endtime="20231116 00:08:07.531"/>
</kw>
<status status="FAIL" starttime="20231116 00:08:06.379" endtime="20231116 00:08:07.531"/>
</kw>
<kw name="After Tests" library="base_keywords" type="TEARDOWN">
<kw name="Close Application" library="AppiumLibrary">
<doc>Closes the current application and also close webdriver session.</doc>
<kw name="Capture Page Screenshot" library="AppiumLibrary">
<doc>Takes a screenshot of the current page and embeds it into the log.</doc>
<msg timestamp="20231116 00:08:07.532" level="FAIL">No application is open</msg>
<status status="FAIL" starttime="20231116 00:08:07.532" endtime="20231116 00:08:07.532"/>
</kw>
<msg timestamp="20231116 00:08:07.534" level="WARN">Keyword 'Capture Page Screenshot' could not be run on failure: No application is open</msg>
<msg timestamp="20231116 00:08:07.534" level="FAIL">No application is open</msg>
<status status="FAIL" starttime="20231116 00:08:07.532" endtime="20231116 00:08:07.534"/>
</kw>
<status status="FAIL" starttime="20231116 00:08:07.531" endtime="20231116 00:08:07.534">No application is open</status>
</kw>
<tag>rate_product</tag>
<status status="FAIL" starttime="20231116 00:08:06.379" endtime="20231116 00:08:07.534">Setup failed:
WebDriverException: Message: Verification failed for: storage:filename=demo-saucelabs.apk - File is not available. Make sure the file is in App Storage and you have access permissions to it before retrying. If you have confirmed you have access to the file in App Storage and you continue to get this error, contact help@saucelabs.com for support.[Trace: XXXXXXXX-XXXX-XXXX-XXXX-XXXXfb64c702]


Also teardown failed:
No application is open</status>
</test>
<test id="s1-s1-s1-t3" name="Scenario: Sort products by Name - Ascending" line="20">
<kw name="Before Tests" library="base_keywords" type="SETUP">
<kw name="Open App" library="base_keywords">
<kw name="Open Application" library="AppiumLibrary">
<arg>${REMOTE_URL}</arg>
<arg>platformName=${PLATFORM_NAME}</arg>
<arg>platformVersion=${PLATFORM_VERSION}</arg>
<arg>deviceName=${DEVICE_NAME}</arg>
<arg>app=${APP}</arg>
<arg>automationName=${AUTOMATION_NAME}</arg>
<arg>name=${JOB_NAME}</arg>
<doc>Opens a new application to given Appium server.
Capabilities of appium server, Android and iOS,
Please check https://github.com/appium/appium/blob/master/docs/en/writing-running-appium/server-args.md
| *Option*            | *Man.* | *Description*     |
| remote_url          | Yes    | Appium server url |
| alias               | no     | alias             |
| strict_ssl          | No     | allows you to send commands to an invalid certificate host like a self-signed one. |</doc>
<kw name="Capture Page Screenshot" library="AppiumLibrary">
<doc>Takes a screenshot of the current page and embeds it into the log.</doc>
<msg timestamp="20231116 00:08:07.764" level="FAIL">No application is open</msg>
<status status="FAIL" starttime="20231116 00:08:07.764" endtime="20231116 00:08:07.764"/>
</kw>
<msg timestamp="20231116 00:08:07.766" level="WARN">Keyword 'Capture Page Screenshot' could not be run on failure: No application is open</msg>
<msg timestamp="20231116 00:08:07.766" level="FAIL">WebDriverException: Message: Verification failed for: storage:filename=demo-saucelabs.apk - File is not available. Make sure the file is in App Storage and you have access permissions to it before retrying. If you have confirmed you have access to the file in App Storage and you continue to get this error, contact help@saucelabs.com for support.[Trace: XXXXXXXX-XXXX-XXXX-XXXX-XXXXe3fdcbaa]
</msg>
<status status="FAIL" starttime="20231116 00:08:07.536" endtime="20231116 00:08:07.766"/>
</kw>
<status status="FAIL" starttime="20231116 00:08:07.535" endtime="20231116 00:08:07.766"/>
</kw>
<kw name="Perform Login" library="login_keywords">
<arg>bob@example.com</arg>
<arg>10203040</arg>
<status status="NOT RUN" starttime="20231116 00:08:07.766" endtime="20231116 00:08:07.767"/>
</kw>
<status status="FAIL" starttime="20231116 00:08:07.535" endtime="20231116 00:08:07.767"/>
</kw>
<kw name="After Tests" library="base_keywords" type="TEARDOWN">
<kw name="Close Application" library="AppiumLibrary">
<doc>Closes the current application and also close webdriver session.</doc>
<kw name="Capture Page Screenshot" library="AppiumLibrary">
<doc>Takes a screenshot of the current page and embeds it into the log.</doc>
<msg timestamp="20231116 00:08:07.767" level="FAIL">No application is open</msg>
<status status="FAIL" starttime="20231116 00:08:07.767" endtime="20231116 00:08:07.768"/>
</kw>
<msg timestamp="20231116 00:08:07.769" level="WARN">Keyword 'Capture Page Screenshot' could not be run on failure: No application is open</msg>
<msg timestamp="20231116 00:08:07.769" level="FAIL">No application is open</msg>
<status status="FAIL" starttime="20231116 00:08:07.767" endtime="20231116 00:08:07.769"/>
</kw>
<status status="FAIL" starttime="20231116 00:08:07.767" endtime="20231116 00:08:07.769">No application is open</status>
</kw>
<tag>sort_by</tag>
<status status="FAIL" starttime="20231116 00:08:07.535" endtime="20231116 00:08:07.770">Setup failed:
WebDriverException: Message: Verification failed for: storage:filename=demo-saucelabs.apk - File is not available. Make sure the file is in App Storage and you have access permissions to it before retrying. If you have confirmed you have access to the file in App Storage and you continue to get this error, contact help@saucelabs.com for support.[Trace: XXXXXXXX-XXXX-XXXX-XXXX-XXXXe3fdcbaa]


Also teardown failed:
No application is open</status>
</test>
<test id="s1-s1-s1-t4" name="Scenario: Add product from catalog to cart" line="24">
<kw name="Before Tests" library="base_keywords" type="SETUP">
<kw name="Open App" library="base_keywords">
<kw name="Open Application" library="AppiumLibrary">
<arg>${REMOTE_URL}</arg>
<arg>platformName=${PLATFORM_NAME}</arg>
<arg>platformVersion=${PLATFORM_VERSION}</arg>
<arg>deviceName=${DEVICE_NAME}</arg>
<arg>app=${APP}</arg>
<arg>automationName=${AUTOMATION_NAME}</arg>
<arg>name=${JOB_NAME}</arg>
<doc>Opens a new application to given Appium server.
Capabilities of appium server, Android and iOS,
Please check https://github.com/appium/appium/blob/master/docs/en/writing-running-appium/server-args.md
| *Option*            | *Man.* | *Description*     |
| remote_url          | Yes    | Appium server url |
| alias               | no     | alias             |
| strict_ssl          | No     | allows you to send commands to an invalid certificate host like a self-signed one. |</doc>
<kw name="Capture Page Screenshot" library="AppiumLibrary">
<doc>Takes a screenshot of the current page and embeds it into the log.</doc>
<msg timestamp="20231116 00:08:07.987" level="FAIL">No application is open</msg>
<status status="FAIL" starttime="20231116 00:08:07.986" endtime="20231116 00:08:07.987"/>
</kw>
<msg timestamp="20231116 00:08:07.988" level="WARN">Keyword 'Capture Page Screenshot' could not be run on failure: No application is open</msg>
<msg timestamp="20231116 00:08:07.989" level="FAIL">WebDriverException: Message: Verification failed for: storage:filename=demo-saucelabs.apk - File is not available. Make sure the file is in App Storage and you have access permissions to it before retrying. If you have confirmed you have access to the file in App Storage and you continue to get this error, contact help@saucelabs.com for support.[Trace: XXXXXXXX-XXXX-XXXX-XXXX-XXXX9f7f7c18]
</msg>
<status status="FAIL" starttime="20231116 00:08:07.771" endtime="20231116 00:08:07.989"/>
</kw>
<status status="FAIL" starttime="20231116 00:08:07.770" endtime="20231116 00:08:07.989"/>
</kw>
<kw name="Perform Login" library="login_keywords">
<arg>bob@example.com</arg>
<arg>10203040</arg>
<status status="NOT RUN" starttime="20231116 00:08:07.989" endtime="20231116 00:08:07.989"/>
</kw>
<status status="FAIL" starttime="20231116 00:08:07.770" endtime="20231116 00:08:07.989"/>
</kw>
<kw name="After Tests" library="base_keywords" type="TEARDOWN">
<kw name="Close Application" library="AppiumLibrary">
<doc>Closes the current application and also close webdriver session.</doc>
<kw name="Capture Page Screenshot" library="AppiumLibrary">
<doc>Takes a screenshot of the current page and embeds it into the log.</doc>
<msg timestamp="20231116 00:08:07.990" level="FAIL">No application is open</msg>
<status status="FAIL" starttime="20231116 00:08:07.990" endtime="20231116 00:08:07.990"/>
</kw>
<msg timestamp="20231116 00:08:07.992" level="WARN">Keyword 'Capture Page Screenshot' could not be run on failure: No application is open</msg>
<msg timestamp="20231116 00:08:07.992" level="FAIL">No application is open</msg>
<status status="FAIL" starttime="20231116 00:08:07.990" endtime="20231116 00:08:07.992"/>
</kw>
<status status="FAIL" starttime="20231116 00:08:07.990" endtime="20231116 00:08:07.992">No application is open</status>
</kw>
<tag>add_cart</tag>
<status status="FAIL" starttime="20231116 00:08:07.770" endtime="20231116 00:08:07.992">Setup failed:
WebDriverException: Message: Verification failed for: storage:filename=demo-saucelabs.apk - File is not available. Make sure the file is in App Storage and you have access permissions to it before retrying. If you have confirmed you have access to the file in App Storage and you continue to get this error, contact help@saucelabs.com for support.[Trace: XXXXXXXX-XXXX-XXXX-XXXX-XXXX9f7f7c18]


Also teardown failed:
No application is open</status>
</test>
<status status="FAIL" starttime="20231116 00:08:05.907" endtime="20231116 00:08:07.993"/>
</suite>
<suite id="s1-s1-s2" name="Login" source="/home/runner/work/robot-appium-tests/robot-appium-tests/tests/android/login.robot">
<test id="s1-s1-s2-t1" name="Scenario: Login with wrong credentials" line="11">
<kw name="Before Tests" library="base_keywords" type="SETUP">
<kw name="Open App" library="base_keywords">
<kw name="Open Application" library="AppiumLibrary">
<arg>${REMOTE_URL}</arg>
<arg>platformName=${PLATFORM_NAME}</arg>
<arg>platformVersion=${PLATFORM_VERSION}</arg>
<arg>deviceName=${DEVICE_NAME}</arg>
<arg>app=${APP}</arg>
<arg>automationName=${AUTOMATION_NAME}</arg>
<arg>name=${JOB_NAME}</arg>
<doc>Opens a new application to given Appium server.
Capabilities of appium server, Android and iOS,
Please check https://github.com/appium/appium/blob/master/docs/en/writing-running-appium/server-args.md
| *Option*            | *Man.* | *Description*     |
| remote_url          | Yes    | Appium server url |
| alias               | no     | alias             |
| strict_ssl          | No     | allows you to send commands to an invalid certificate host like a self-signed one. |</doc>
<kw name="Capture Page Screenshot" library="AppiumLibrary">
<doc>Takes a screenshot of the current page and embeds it into the log.</doc>
<msg timestamp="20231116 00:08:08.214" level="FAIL">No application is open</msg>
<status status="FAIL" starttime="20231116 00:08:08.214" endtime="20231116 00:08:08.214"/>
</kw>
<msg timestamp="20231116 00:08:08.215" level="WARN">Keyword 'Capture Page Screenshot' could not be run on failure: No application is open</msg>
<msg timestamp="20231116 00:08:08.216" level="FAIL">WebDriverException: Message: Verification failed for: storage:filename=demo-saucelabs.apk - File is not available. Make sure the file is in App Storage and you have access permissions to it before retrying. If you have confirmed you have access to the file in App Storage and you continue to get this error, contact help@saucelabs.com for support.[Trace: XXXXXXXX-XXXX-XXXX-XXXX-XXXXd15ddf26]
</msg>
<status status="FAIL" starttime="20231116 00:08:07.998" endtime="20231116 00:08:08.216"/>
</kw>
<status status="FAIL" starttime="20231116 00:08:07.998" endtime="20231116 00:08:08.216"/>
</kw>
<kw name="Perform Login" library="login_keywords">
<arg>bob@example.com</arg>
<arg>10203040</arg>
<status status="NOT RUN" starttime="20231116 00:08:08.216" endtime="20231116 00:08:08.216"/>
</kw>
<status status="FAIL" starttime="20231116 00:08:07.997" endtime="20231116 00:08:08.216"/>
</kw>
<kw name="After Tests" library="base_keywords" type="TEARDOWN">
<kw name="Close Application" library="AppiumLibrary">
<doc>Closes the current application and also close webdriver session.</doc>
<kw name="Capture Page Screenshot" library="AppiumLibrary">
<doc>Takes a screenshot of the current page and embeds it into the log.</doc>
<msg timestamp="20231116 00:08:08.217" level="FAIL">No application is open</msg>
<status status="FAIL" starttime="20231116 00:08:08.217" endtime="20231116 00:08:08.217"/>
</kw>
<msg timestamp="20231116 00:08:08.219" level="WARN">Keyword 'Capture Page Screenshot' could not be run on failure: No application is open</msg>
<msg timestamp="20231116 00:08:08.219" level="FAIL">No application is open</msg>
<status status="FAIL" starttime="20231116 00:08:08.217" endtime="20231116 00:08:08.219"/>
</kw>
<status status="FAIL" starttime="20231116 00:08:08.216" endtime="20231116 00:08:08.219">No application is open</status>
</kw>
<tag>wrong_login</tag>
<status status="FAIL" starttime="20231116 00:08:07.997" endtime="20231116 00:08:08.220">Setup failed:
WebDriverException: Message: Verification failed for: storage:filename=demo-saucelabs.apk - File is not available. Make sure the file is in App Storage and you have access permissions to it before retrying. If you have confirmed you have access to the file in App Storage and you continue to get this error, contact help@saucelabs.com for support.[Trace: XXXXXXXX-XXXX-XXXX-XXXX-XXXXd15ddf26]


Also teardown failed:
No application is open</status>
</test>
<test id="s1-s1-s2-t2" name="Scenario: Login successfully" line="17">
<kw name="Before Tests" library="base_keywords" type="SETUP">
<kw name="Open App" library="base_keywords">
<kw name="Open Application" library="AppiumLibrary">
<arg>${REMOTE_URL}</arg>
<arg>platformName=${PLATFORM_NAME}</arg>
<arg>platformVersion=${PLATFORM_VERSION}</arg>
<arg>deviceName=${DEVICE_NAME}</arg>
<arg>app=${APP}</arg>
<arg>automationName=${AUTOMATION_NAME}</arg>
<arg>name=${JOB_NAME}</arg>
<doc>Opens a new application to given Appium server.
Capabilities of appium server, Android and iOS,
Please check https://github.com/appium/appium/blob/master/docs/en/writing-running-appium/server-args.md
| *Option*            | *Man.* | *Description*     |
| remote_url          | Yes    | Appium server url |
| alias               | no     | alias             |
| strict_ssl          | No     | allows you to send commands to an invalid certificate host like a self-signed one. |</doc>
<kw name="Capture Page Screenshot" library="AppiumLibrary">
<doc>Takes a screenshot of the current page and embeds it into the log.</doc>
<msg timestamp="20231116 00:08:08.483" level="FAIL">No application is open</msg>
<status status="FAIL" starttime="20231116 00:08:08.483" endtime="20231116 00:08:08.483"/>
</kw>
<msg timestamp="20231116 00:08:08.485" level="WARN">Keyword 'Capture Page Screenshot' could not be run on failure: No application is open</msg>
<msg timestamp="20231116 00:08:08.485" level="FAIL">WebDriverException: Message: Verification failed for: storage:filename=demo-saucelabs.apk - File is not available. Make sure the file is in App Storage and you have access permissions to it before retrying. If you have confirmed you have access to the file in App Storage and you continue to get this error, contact help@saucelabs.com for support.[Trace: XXXXXXXX-XXXX-XXXX-XXXX-XXXX432e4cd2]
</msg>
<status status="FAIL" starttime="20231116 00:08:08.221" endtime="20231116 00:08:08.485"/>
</kw>
<status status="FAIL" starttime="20231116 00:08:08.221" endtime="20231116 00:08:08.485"/>
</kw>
<kw name="Perform Login" library="login_keywords">
<arg>bob@example.com</arg>
<arg>10203040</arg>
<status status="NOT RUN" starttime="20231116 00:08:08.485" endtime="20231116 00:08:08.485"/>
</kw>
<status status="FAIL" starttime="20231116 00:08:08.220" endtime="20231116 00:08:08.485"/>
</kw>
<kw name="After Tests" library="base_keywords" type="TEARDOWN">
<kw name="Close Application" library="AppiumLibrary">
<doc>Closes the current application and also close webdriver session.</doc>
<kw name="Capture Page Screenshot" library="AppiumLibrary">
<doc>Takes a screenshot of the current page and embeds it into the log.</doc>
<msg timestamp="20231116 00:08:08.486" level="FAIL">No application is open</msg>
<status status="FAIL" starttime="20231116 00:08:08.486" endtime="20231116 00:08:08.486"/>
</kw>
<msg timestamp="20231116 00:08:08.487" level="WARN">Keyword 'Capture Page Screenshot' could not be run on failure: No application is open</msg>
<msg timestamp="20231116 00:08:08.487" level="FAIL">No application is open</msg>
<status status="FAIL" starttime="20231116 00:08:08.486" endtime="20231116 00:08:08.488"/>
</kw>
<status status="FAIL" starttime="20231116 00:08:08.485" endtime="20231116 00:08:08.488">No application is open</status>
</kw>
<tag>login_success</tag>
<status status="FAIL" starttime="20231116 00:08:08.220" endtime="20231116 00:08:08.488">Setup failed:
WebDriverException: Message: Verification failed for: storage:filename=demo-saucelabs.apk - File is not available. Make sure the file is in App Storage and you have access permissions to it before retrying. If you have confirmed you have access to the file in App Storage and you continue to get this error, contact help@saucelabs.com for support.[Trace: XXXXXXXX-XXXX-XXXX-XXXX-XXXX432e4cd2]


Also teardown failed:
No application is open</status>
</test>
<test id="s1-s1-s2-t3" name="Scenario: Logout successfully" line="22">
<kw name="Before Tests" library="base_keywords" type="SETUP">
<kw name="Open App" library="base_keywords">
<kw name="Open Application" library="AppiumLibrary">
<arg>${REMOTE_URL}</arg>
<arg>platformName=${PLATFORM_NAME}</arg>
<arg>platformVersion=${PLATFORM_VERSION}</arg>
<arg>deviceName=${DEVICE_NAME}</arg>
<arg>app=${APP}</arg>
<arg>automationName=${AUTOMATION_NAME}</arg>
<arg>name=${JOB_NAME}</arg>
<doc>Opens a new application to given Appium server.
Capabilities of appium server, Android and iOS,
Please check https://github.com/appium/appium/blob/master/docs/en/writing-running-appium/server-args.md
| *Option*            | *Man.* | *Description*     |
| remote_url          | Yes    | Appium server url |
| alias               | no     | alias             |
| strict_ssl          | No     | allows you to send commands to an invalid certificate host like a self-signed one. |</doc>
<kw name="Capture Page Screenshot" library="AppiumLibrary">
<doc>Takes a screenshot of the current page and embeds it into the log.</doc>
<msg timestamp="20231116 00:08:08.745" level="FAIL">No application is open</msg>
<status status="FAIL" starttime="20231116 00:08:08.744" endtime="20231116 00:08:08.745"/>
</kw>
<msg timestamp="20231116 00:08:08.746" level="WARN">Keyword 'Capture Page Screenshot' could not be run on failure: No application is open</msg>
<msg timestamp="20231116 00:08:08.747" level="FAIL">WebDriverException: Message: Verification failed for: storage:filename=demo-saucelabs.apk - File is not available. Make sure the file is in App Storage and you have access permissions to it before retrying. If you have confirmed you have access to the file in App Storage and you continue to get this error, contact help@saucelabs.com for support.[Trace: XXXXXXXX-XXXX-XXXX-XXXX-XXXX6ed5d013]
</msg>
<status status="FAIL" starttime="20231116 00:08:08.489" endtime="20231116 00:08:08.747"/>
</kw>
<status status="FAIL" starttime="20231116 00:08:08.489" endtime="20231116 00:08:08.747"/>
</kw>
<kw name="Perform Login" library="login_keywords">
<arg>bob@example.com</arg>
<arg>10203040</arg>
<status status="NOT RUN" starttime="20231116 00:08:08.747" endtime="20231116 00:08:08.747"/>
</kw>
<status status="FAIL" starttime="20231116 00:08:08.489" endtime="20231116 00:08:08.747"/>
</kw>
<kw name="After Tests" library="base_keywords" type="TEARDOWN">
<kw name="Close Application" library="AppiumLibrary">
<doc>Closes the current application and also close webdriver session.</doc>
<kw name="Capture Page Screenshot" library="AppiumLibrary">
<doc>Takes a screenshot of the current page and embeds it into the log.</doc>
<msg timestamp="20231116 00:08:08.748" level="FAIL">No application is open</msg>
<status status="FAIL" starttime="20231116 00:08:08.748" endtime="20231116 00:08:08.748"/>
</kw>
<msg timestamp="20231116 00:08:08.750" level="WARN">Keyword 'Capture Page Screenshot' could not be run on failure: No application is open</msg>
<msg timestamp="20231116 00:08:08.750" level="FAIL">No application is open</msg>
<status status="FAIL" starttime="20231116 00:08:08.748" endtime="20231116 00:08:08.750"/>
</kw>
<status status="FAIL" starttime="20231116 00:08:08.747" endtime="20231116 00:08:08.750">No application is open</status>
</kw>
<tag>logout_success</tag>
<status status="FAIL" starttime="20231116 00:08:08.488" endtime="20231116 00:08:08.750">Setup failed:
WebDriverException: Message: Verification failed for: storage:filename=demo-saucelabs.apk - File is not available. Make sure the file is in App Storage and you have access permissions to it before retrying. If you have confirmed you have access to the file in App Storage and you continue to get this error, contact help@saucelabs.com for support.[Trace: XXXXXXXX-XXXX-XXXX-XXXX-XXXX6ed5d013]


Also teardown failed:
No application is open</status>
</test>
<status status="FAIL" starttime="20231116 00:08:07.994" endtime="20231116 00:08:08.751"/>
</suite>
<status status="FAIL" starttime="20231116 00:08:05.906" endtime="20231116 00:08:08.752"/>
</suite>
<suite id="s1-s2" name="Ios" source="/home/runner/work/robot-appium-tests/robot-appium-tests/tests/ios">
<suite id="s1-s2-s1" name="Test" source="/home/runner/work/robot-appium-tests/robot-appium-tests/tests/ios/test.robot">
<test id="s1-s2-s1-t1" name="Scenario: Take screenshot" line="9">
<kw name="Before Tests" library="base_keywords" type="SETUP">
<kw name="Open Application" library="AppiumLibrary">
<arg>${REMOTE_URL}</arg>
<arg>platformName=${PLATFORM_NAME}</arg>
<arg>platformVersion=${PLATFORM_VERSION}</arg>
<arg>deviceName=${DEVICE_NAME}</arg>
<arg>app=${APP}</arg>
<arg>automationName=${AUTOMATION_NAME}</arg>
<arg>name=${JOB_NAME}</arg>
<doc>Opens a new application to given Appium server.
Capabilities of appium server, Android and iOS,
Please check https://github.com/appium/appium/blob/master/docs/en/writing-running-appium/server-args.md
| *Option*            | *Man.* | *Description*     |
| remote_url          | Yes    | Appium server url |
| alias               | no     | alias             |
| strict_ssl          | No     | allows you to send commands to an invalid certificate host like a self-signed one. |</doc>
<kw name="Capture Page Screenshot" library="AppiumLibrary">
<doc>Takes a screenshot of the current page and embeds it into the log.</doc>
<msg timestamp="20231116 00:08:08.952" level="FAIL">No application is open</msg>
<status status="FAIL" starttime="20231116 00:08:08.952" endtime="20231116 00:08:08.952"/>
</kw>
<msg timestamp="20231116 00:08:08.953" level="WARN">Keyword 'Capture Page Screenshot' could not be run on failure: No application is open</msg>
<msg timestamp="20231116 00:08:08.954" level="FAIL">SessionNotCreatedException: Message: 

Unable to find file 'demo-saucelabs.ipa' in app storage

Build info: version: 'unknown', revision: 'unknown', time: 'unknown'
System info: host: 'Sauce Labs RDC', ip: 'N/A', os.name: 'Linux', os.arch: 'amd64', os.version: '5.15.107+', java.version: '11.0.20.1'
Driver info: driver.version: unknown
</msg>
<status status="FAIL" starttime="20231116 00:08:08.758" endtime="20231116 00:08:08.954"/>
</kw>
<status status="FAIL" starttime="20231116 00:08:08.757" endtime="20231116 00:08:08.954"/>
</kw>
<kw name="After Tests" library="base_keywords" type="TEARDOWN">
<kw name="Close Application" library="AppiumLibrary">
<doc>Closes the current application and also close webdriver session.</doc>
<kw name="Capture Page Screenshot" library="AppiumLibrary">
<doc>Takes a screenshot of the current page and embeds it into the log.</doc>
<msg timestamp="20231116 00:08:08.955" level="FAIL">No application is open</msg>
<status status="FAIL" starttime="20231116 00:08:08.954" endtime="20231116 00:08:08.955"/>
</kw>
<msg timestamp="20231116 00:08:08.956" level="WARN">Keyword 'Capture Page Screenshot' could not be run on failure: No application is open</msg>
<msg timestamp="20231116 00:08:08.956" level="FAIL">No application is open</msg>
<status status="FAIL" starttime="20231116 00:08:08.954" endtime="20231116 00:08:08.956"/>
</kw>
<status status="FAIL" starttime="20231116 00:08:08.954" endtime="20231116 00:08:08.956">No application is open</status>
</kw>
<status status="FAIL" starttime="20231116 00:08:08.757" endtime="20231116 00:08:08.956">Setup failed:
SessionNotCreatedException: Message: 

Unable to find file 'demo-saucelabs.ipa' in app storage

Build info: version: 'unknown', revision: 'unknown', time: 'unknown'
System info: host: 'Sauce Labs RDC', ip: 'N/A', os.name: 'Linux', os.arch: 'amd64', os.version: '5.15.107+', java.version: '11.0.20.1'
Driver info: driver.version: unknown


Also teardown failed:
No application is open</status>
</test>
<status status="FAIL" starttime="20231116 00:08:08.754" endtime="20231116 00:08:08.957"/>
</suite>
<status status="FAIL" starttime="20231116 00:08:08.752" endtime="20231116 00:08:08.957"/>
</suite>
<status status="FAIL" starttime="20231116 00:08:05.888" endtime="20231116 00:08:08.958"/>
</suite>
<statistics>
<total>
<stat pass="0" fail="8" skip="0">All Tests</stat>
</total>
<tag>
<stat pass="0" fail="1" skip="0">add_cart</stat>
<stat pass="0" fail="1" skip="0">login_success</stat>
<stat pass="0" fail="1" skip="0">logout_success</stat>
<stat pass="0" fail="1" skip="0">open_product</stat>
<stat pass="0" fail="1" skip="0">rate_product</stat>
<stat pass="0" fail="1" skip="0">sort_by</stat>
<stat pass="0" fail="1" skip="0">wrong_login</stat>
</tag>
<suite>
<stat pass="0" fail="8" skip="0" id="s1" name="Tests">Tests</stat>
<stat pass="0" fail="7" skip="0" id="s1-s1" name="Android">Tests.Android</stat>
<stat pass="0" fail="4" skip="0" id="s1-s1-s1" name="Catalog">Tests.Android.Catalog</stat>
<stat pass="0" fail="3" skip="0" id="s1-s1-s2" name="Login">Tests.Android.Login</stat>
<stat pass="0" fail="1" skip="0" id="s1-s2" name="Ios">Tests.Ios</stat>
<stat pass="0" fail="1" skip="0" id="s1-s2-s1" name="Test">Tests.Ios.Test</stat>
</suite>
</statistics>
<errors>
<msg timestamp="20231116 00:08:06.374" level="WARN">Keyword 'Capture Page Screenshot' could not be run on failure: No application is open</msg>
<msg timestamp="20231116 00:08:06.378" level="WARN">Keyword 'Capture Page Screenshot' could not be run on failure: No application is open</msg>
<msg timestamp="20231116 00:08:07.531" level="WARN">Keyword 'Capture Page Screenshot' could not be run on failure: No application is open</msg>
<msg timestamp="20231116 00:08:07.534" level="WARN">Keyword 'Capture Page Screenshot' could not be run on failure: No application is open</msg>
<msg timestamp="20231116 00:08:07.766" level="WARN">Keyword 'Capture Page Screenshot' could not be run on failure: No application is open</msg>
<msg timestamp="20231116 00:08:07.769" level="WARN">Keyword 'Capture Page Screenshot' could not be run on failure: No application is open</msg>
<msg timestamp="20231116 00:08:07.988" level="WARN">Keyword 'Capture Page Screenshot' could not be run on failure: No application is open</msg>
<msg timestamp="20231116 00:08:07.992" level="WARN">Keyword 'Capture Page Screenshot' could not be run on failure: No application is open</msg>
<msg timestamp="20231116 00:08:08.215" level="WARN">Keyword 'Capture Page Screenshot' could not be run on failure: No application is open</msg>
<msg timestamp="20231116 00:08:08.219" level="WARN">Keyword 'Capture Page Screenshot' could not be run on failure: No application is open</msg>
<msg timestamp="20231116 00:08:08.485" level="WARN">Keyword 'Capture Page Screenshot' could not be run on failure: No application is open</msg>
<msg timestamp="20231116 00:08:08.487" level="WARN">Keyword 'Capture Page Screenshot' could not be run on failure: No application is open</msg>
<msg timestamp="20231116 00:08:08.746" level="WARN">Keyword 'Capture Page Screenshot' could not be run on failure: No application is open</msg>
<msg timestamp="20231116 00:08:08.750" level="WARN">Keyword 'Capture Page Screenshot' could not be run on failure: No application is open</msg>
<msg timestamp="20231116 00:08:08.953" level="WARN">Keyword 'Capture Page Screenshot' could not be run on failure: No application is open</msg>
<msg timestamp="20231116 00:08:08.956" level="WARN">Keyword 'Capture Page Screenshot' could not be run on failure: No application is open</msg>
</errors>
</robot>
